Script iniciado em Sex 02 Mai 2014 17:57:16 BRT
]0;dubiel@milenium:~/Ruby/Library]7;file://milenium.falcon/home/dubiel/Ruby/Library[?1034h[dubiel@milenium Library]$ cd scri[K[K[K[K[K[K[Kgeml[K list

*** LOCAL GEMS ***

actionmailer (4.0.4)
actionpack (4.0.4)
activemodel (4.0.4)
activerecord (4.0.4)
activerecord-deprecated_finders (1.0.3)
activesupport (4.0.4)
angular-rails (0.0.12)
angularjs-rails (1.2.16)
arel (4.0.2)
bigdecimal (1.2.0)
builder (3.1.4)
bundler (1.6.1)
coffee-rails (4.0.1)
coffee-script (2.2.0)
coffee-script-source (1.7.0)
erubis (2.7.0)
execjs (2.0.2)
git (1.2.5)
hike (1.2.3)
i18n (0.6.9)
io-console (0.4.2)
jbuilder (1.5.3)
jquery-rails (3.1.0)
json (1.8.1, 1.7.7)
mail (2.5.4)
mime-types (1.25.1)
minitest (4.7.5)
multi_json (1.9.2)
polyglot (0.3.4)
psych (2.0.0)
rack (1.5.2)
rack-test (0.6.2)
rails (4.0.4)
railties (4.0.4)
rake (10.2.2)
rdoc (4.1.1, 4.0.1)
sass (3.2.19)
sass-rails (4.0.3)
sdoc (0.4.0)
sprockets (2.12.0, 2.11.0)
sprockets-rails (2.0.1)
sqlite3 (1.3.9)
thor (0.19.1)
thread_safe (0.3.2)
tilt (1.4.1)
treetop (1.4.15)
turbolinks (2.2.2)
tzinfo (0.3.39)
uglifier (2.5.0)
will_paginate (3.0.5)
]0;dubiel@milenium:~/Ruby/Library]7;file://milenium.falcon/home/dubiel/Ruby/Library[dubiel@milenium Library]$ rails -v
Rails 4.0.4
]0;dubiel@milenium:~/Ruby/Library]7;file://milenium.falcon/home/dubiel/Ruby/Library[dubiel@milenium Library]$ rails -vgem listrails server[4Pgem listrails -v[Ksu[K[Krai[K[K[K[5P(reverse-i-search)`':[Cr': rails -v[1@a[C[C[C[1@i[C[C[C[1@l[C[C[C[1@s[C[C[C[C[C[C[C[C[Cserver[1@ [C[C[Cg': rails g controller Welcome index[C[C[C[C[C[C[C[C[C[C[C[C[C[C[C[C[C[C[C[C[C[C[C[C[C[C[C[C[C[2P[dubiel@milenium Library]$[C[C[C[C[C[C[C[C[C[C[C[C[C[C[C[C[C[C[C[C[C[C[C[C[C[C[C[1P index[1P index[1P index[1P index[1P index[1P index[1P indexR indexe indexp indexo indexr indext index[C[C[C[C[C[C packer[KdComics
[1m[32m      create[0m  app/controllers/report_controller.rb
[1m[32m       route[0m  get "report/packedComics"
[1m[32m       route[0m  get "report/index"
[1m[37m      invoke[0m  erb
[1m[32m      create[0m    app/views/report
[1m[32m      create[0m    app/views/report/index.html.erb
[1m[32m      create[0m    app/views/report/packedComics.html.erb
[1m[37m      invoke[0m  test_unit
[1m[32m      create[0m    test/controllers/report_controller_test.rb
[1m[37m      invoke[0m  helper
[1m[32m      create[0m    app/helpers/report_helper.rb
[1m[37m      invoke[0m    test_unit
[1m[32m      create[0m      test/helpers/report_helper_test.rb
[1m[37m      invoke[0m  assets
[1m[37m      invoke[0m    coffee
[1m[32m      create[0m      app/assets/javascripts/report.js.coffee
[1m[37m      invoke[0m    scss
[1m[32m      create[0m      app/assets/stylesheets/report.css.scss
]0;dubiel@milenium:~/Ruby/Library]7;file://milenium.falcon/home/dubiel/Ruby/Library[dubiel@milenium Library]$ rake test/[K
Run options: --seed 4956

# Running tests:

EEEEEEEEEEEEEEEEEEEEEEEEEEEEEEEEEEEEEE

Finished tests in 1.142807s, 33.2515 tests/s, 0.0000 assertions/s.

  1) Error:
ComicsControllerTest#test_should_create_comic:
ActiveRecord::StatementInvalid: SQLite3::SQLException: no such table: testes: DELETE FROM "testes"
    

  2) Error:
ComicsControllerTest#test_should_destroy_comic:
ActiveRecord::StatementInvalid: SQLite3::SQLException: no such table: testes: DELETE FROM "testes"
    

  3) Error:
ComicsControllerTest#test_should_get_edit:
ActiveRecord::StatementInvalid: SQLite3::SQLException: no such table: testes: DELETE FROM "testes"
    

  4) Error:
ComicsControllerTest#test_should_get_index:
ActiveRecord::StatementInvalid: SQLite3::SQLException: no such table: testes: DELETE FROM "testes"
    

  5) Error:
ComicsControllerTest#test_should_get_new:
ActiveRecord::StatementInvalid: SQLite3::SQLException: no such table: testes: DELETE FROM "testes"
    

  6) Error:
ComicsControllerTest#test_should_show_comic:
ActiveRecord::StatementInvalid: SQLite3::SQLException: no such table: testes: DELETE FROM "testes"
    

  7) Error:
ComicsControllerTest#test_should_update_comic:
ActiveRecord::StatementInvalid: SQLite3::SQLException: no such table: testes: DELETE FROM "testes"
    

  8) Error:
LabelsControllerTest#test_should_create_label:
ActiveRecord::StatementInvalid: SQLite3::SQLException: no such table: testes: DELETE FROM "testes"
    

  9) Error:
LabelsControllerTest#test_should_destroy_label:
ActiveRecord::StatementInvalid: SQLite3::SQLException: no such table: testes: DELETE FROM "testes"
    

 10) Error:
LabelsControllerTest#test_should_get_edit:
ActiveRecord::StatementInvalid: SQLite3::SQLException: no such table: testes: DELETE FROM "testes"
    

 11) Error:
LabelsControllerTest#test_should_get_index:
ActiveRecord::StatementInvalid: SQLite3::SQLException: no such table: testes: DELETE FROM "testes"
    

 12) Error:
LabelsControllerTest#test_should_get_new:
ActiveRecord::StatementInvalid: SQLite3::SQLException: no such table: testes: DELETE FROM "testes"
    

 13) Error:
LabelsControllerTest#test_should_show_label:
ActiveRecord::StatementInvalid: SQLite3::SQLException: no such table: testes: DELETE FROM "testes"
    

 14) Error:
LabelsControllerTest#test_should_update_label:
ActiveRecord::StatementInvalid: SQLite3::SQLException: no such table: testes: DELETE FROM "testes"
    

 15) Error:
ReportControllerTest#test_should_get_index:
ActiveRecord::StatementInvalid: SQLite3::SQLException: no such table: testes: DELETE FROM "testes"
    

 16) Error:
ReportControllerTest#test_should_get_packedComics:
ActiveRecord::StatementInvalid: SQLite3::SQLException: no such table: testes: DELETE FROM "testes"
    

 17) Error:
SizesControllerTest#test_should_create_size:
ActiveRecord::StatementInvalid: SQLite3::SQLException: no such table: testes: DELETE FROM "testes"
    

 18) Error:
SizesControllerTest#test_should_destroy_size:
ActiveRecord::StatementInvalid: SQLite3::SQLException: no such table: testes: DELETE FROM "testes"
    

 19) Error:
SizesControllerTest#test_should_get_edit:
ActiveRecord::StatementInvalid: SQLite3::SQLException: no such table: testes: DELETE FROM "testes"
    

 20) Error:
SizesControllerTest#test_should_get_index:
ActiveRecord::StatementInvalid: SQLite3::SQLException: no such table: testes: DELETE FROM "testes"
    

 21) Error:
SizesControllerTest#test_should_get_new:
ActiveRecord::StatementInvalid: SQLite3::SQLException: no such table: testes: DELETE FROM "testes"
    

 22) Error:
SizesControllerTest#test_should_show_size:
ActiveRecord::StatementInvalid: SQLite3::SQLException: no such table: testes: DELETE FROM "testes"
    

 23) Error:
SizesControllerTest#test_should_update_size:
ActiveRecord::StatementInvalid: SQLite3::SQLException: no such table: testes: DELETE FROM "testes"
    

 24) Error:
TestesControllerTest#test_should_create_testis:
ActiveRecord::StatementInvalid: SQLite3::SQLException: no such table: testes: DELETE FROM "testes"
    

 25) Error:
TestesControllerTest#test_should_destroy_testis:
ActiveRecord::StatementInvalid: SQLite3::SQLException: no such table: testes: DELETE FROM "testes"
    

 26) Error:
TestesControllerTest#test_should_get_edit:
ActiveRecord::StatementInvalid: SQLite3::SQLException: no such table: testes: DELETE FROM "testes"
    

 27) Error:
TestesControllerTest#test_should_get_index:
ActiveRecord::StatementInvalid: SQLite3::SQLException: no such table: testes: DELETE FROM "testes"
    

 28) Error:
TestesControllerTest#test_should_get_new:
ActiveRecord::StatementInvalid: SQLite3::SQLException: no such table: testes: DELETE FROM "testes"
    

 29) Error:
TestesControllerTest#test_should_show_testis:
ActiveRecord::StatementInvalid: SQLite3::SQLException: no such table: testes: DELETE FROM "testes"
    

 30) Error:
TestesControllerTest#test_should_update_testis:
ActiveRecord::StatementInvalid: SQLite3::SQLException: no such table: testes: DELETE FROM "testes"
    

 31) Error:
TitlesControllerTest#test_should_create_title:
ActiveRecord::StatementInvalid: SQLite3::SQLException: no such table: testes: DELETE FROM "testes"
    

 32) Error:
TitlesControllerTest#test_should_destroy_title:
ActiveRecord::StatementInvalid: SQLite3::SQLException: no such table: testes: DELETE FROM "testes"
    

 33) Error:
TitlesControllerTest#test_should_get_edit:
ActiveRecord::StatementInvalid: SQLite3::SQLException: no such table: testes: DELETE FROM "testes"
    

 34) Error:
TitlesControllerTest#test_should_get_index:
ActiveRecord::StatementInvalid: SQLite3::SQLException: no such table: testes: DELETE FROM "testes"
    

 35) Error:
TitlesControllerTest#test_should_get_new:
ActiveRecord::StatementInvalid: SQLite3::SQLException: no such table: testes: DELETE FROM "testes"
    

 36) Error:
TitlesControllerTest#test_should_show_title:
ActiveRecord::StatementInvalid: SQLite3::SQLException: no such table: testes: DELETE FROM "testes"
    

 37) Error:
TitlesControllerTest#test_should_update_title:
ActiveRecord::StatementInvalid: SQLite3::SQLException: no such table: testes: DELETE FROM "testes"
    

 38) Error:
WelcomeControllerTest#test_should_get_index:
ActiveRecord::StatementInvalid: SQLite3::SQLException: no such table: testes: DELETE FROM "testes"
    

38 tests, 0 assertions, 0 failures, 38 errors, 0 skips
]0;dubiel@milenium:~/Ruby/Library]7;file://milenium.falcon/home/dubiel/Ruby/Library[dubiel@milenium Library]$ rale[K[Kke test/[K test/co[K[KCo[K[Kcontrollers/
comics_controller_test.rb   sizes_controller_test.rb
.keep                       testes_controller_test.rb
labels_controller_test.rb   titles_controller_test.rb
report_controller_test.rb   welcome_controller_test.rb
[dubiel@milenium Library]$ rake test test/controllers/report_controller_test.rb  [A[C[C[C[C[C[C[C[C[C[C[C[C[C[C[C[C[C[C[C[C[C[C[C[C[C[C[C[C[C[C[C[C[C[C[C[C[C[C[C[C[C[C[C[C[C[C[C[C[C[C[C[C[C[C[C[C[C[C[C[C[C[C[C[C[C[C[C[C[C[C[C[C[C[C[C[C[C[C[C[K 
Run options: --seed 5711

# Running tests:

EE

Finished tests in 0.119164s, 16.7836 tests/s, 0.0000 assertions/s.

  1) Error:
ReportControllerTest#test_should_get_index:
ActiveRecord::StatementInvalid: SQLite3::SQLException: no such table: testes: DELETE FROM "testes"
    

  2) Error:
ReportControllerTest#test_should_get_packedComics:
ActiveRecord::StatementInvalid: SQLite3::SQLException: no such table: testes: DELETE FROM "testes"
    

2 tests, 0 assertions, 0 failures, 2 errors, 0 skips
]0;dubiel@milenium:~/Ruby/Library]7;file://milenium.falcon/home/dubiel/Ruby/Library[dubiel@milenium Library]$ rails destroy scaffold testes[K
[1m[37m      invoke[0m  active_record
[1m[31m      remove[0m    db/migrate/20140502225720_create_testes.rb
[1m[31m      remove[0m    app/models/teste.rb
[1m[37m      invoke[0m    test_unit
[1m[31m      remove[0m      test/models/teste_test.rb
[1m[31m      remove[0m      test/fixtures/testes.yml
[1m[37m      invoke[0m  resource_route
[1m[31m       route[0m    resources :testes
[1m[37m      invoke[0m  scaffold_controller
[1m[31m      remove[0m    app/controllers/testes_controller.rb
[1m[37m      invoke[0m    erb
[1m[31m      remove[0m      app/views/testes
[1m[31m      remove[0m      app/views/testes/index.html.erb
[1m[31m      remove[0m      app/views/testes/edit.html.erb
[1m[31m      remove[0m      app/views/testes/show.html.erb
[1m[31m      remove[0m      app/views/testes/new.html.erb
[1m[31m      remove[0m      app/views/testes/_form.html.erb
[1m[37m      invoke[0m    test_unit
[1m[31m      remove[0m      test/controllers/testes_controller_test.rb
[1m[37m      invoke[0m    helper
[1m[31m      remove[0m      app/helpers/testes_helper.rb
[1m[37m      invoke[0m      test_unit
[1m[31m      remove[0m        test/helpers/testes_helper_test.rb
[1m[37m      invoke[0m    jbuilder
[1m[31m      remove[0m      app/views/testes
[1m[31m      remove[0m      app/views/testes/index.json.jbuilder
[1m[31m      remove[0m      app/views/testes/show.json.jbuilder
[1m[37m      invoke[0m  assets
[1m[37m      invoke[0m    coffee
[1m[31m      remove[0m      app/assets/javascripts/testes.js.coffee
[1m[37m      invoke[0m    scss
[1m[31m      remove[0m      app/assets/stylesheets/testes.css.scss
[1m[37m      invoke[0m  scss
]0;dubiel@milenium:~/Ruby/Library]7;file://milenium.falcon/home/dubiel/Ruby/Library[dubiel@milenium Library]$ rails destroy scaffold testeke test test/controllers/report_controller_test.rb  [A[C[C[C[C[C[C[C[C[C[C[C[C[C[C[C[C[C[C[C[C[C[C[C[C[C[C[C[C[C[C[C[C[C[C[C[C[C[C[C[C[C[C[C[C[C[C[C[C[C[C[C[C[C[C[C[C[C[C[C[C[C[C[C[C[C[C[C[C[C[C[C[C[C[C[C[C[C[C[C[K 
Run options: --seed 13159

# Running tests:

.E

Finished tests in 0.769044s, 2.6006 tests/s, 1.3003 assertions/s.

  1) Error:
ReportControllerTest#test_should_get_packedComics:
ArgumentError: Unknown key: packed
    app/controllers/report_controller.rb:6:in `packedComics'
    test/controllers/report_controller_test.rb:10:in `block in <class:ReportControllerTest>'

2 tests, 1 assertions, 0 failures, 1 errors, 0 skips
]0;dubiel@milenium:~/Ruby/Library]7;file://milenium.falcon/home/dubiel/Ruby/Library[dubiel@milenium Library]$ rake test test/controllers/report_controller_test.rb  [A[C[C[C[C[C[C[C[C[C[C[C[C[C[C[C[C[C[C[C[C[C[C[C[C[C[C[C[C[C[C[C[C[C[C[C[C[C[C[C[C[C[C[C[C[C[C[C[C[C[C[C[C[C[C[C[C[C[C[C[C[C[C[C[C[C[C[C[C[C[C[C[C[C[C[C[C[C[C[C[K 
Run options: --seed 53176

# Running tests:

.DEPRECATION WARNING: Calling #find(:all) is deprecated. Please call #all directly instead. You have also used finder options. These are also deprecated. Please build a scope instead of using finder options. (called from packedComics at /home/dubiel/Ruby/Library/app/controllers/report_controller.rb:6)
DEPRECATION WARNING: Relation#all is deprecated. If you want to eager-load a relation, you can call #load (e.g. `Post.where(published: true).load`). If you want to get an array of records from a relation, you can call #to_a (e.g. `Post.where(published: true).to_a`). (called from packedComics at /home/dubiel/Ruby/Library/app/controllers/report_controller.rb:6)
E

Finished tests in 0.482840s, 4.1422 tests/s, 2.0711 assertions/s.

  1) Error:
ReportControllerTest#test_should_get_packedComics:
ActiveRecord::StatementInvalid: SQLite3::SQLException: no such column: true: SELECT "comics".* FROM "comics"  WHERE (packed = true)
    app/controllers/report_controller.rb:6:in `packedComics'
    test/controllers/report_controller_test.rb:10:in `block in <class:ReportControllerTest>'

2 tests, 1 assertions, 0 failures, 1 errors, 0 skips
]0;dubiel@milenium:~/Ruby/Library]7;file://milenium.falcon/home/dubiel/Ruby/Library[dubiel@milenium Library]$ rake test test/controllers/report_controller_test.rb  [A[C[C[C[C[C[C[C[C[C[C[C[C[C[C[C[C[C[C[C[C[C[C[C[C[C[C[C[C[C[C[C[C[C[C[C[C[C[C[C[C[C[C[C[C[C[C[C[C[C[C[C[C[C[C[C[C[C[C[C[C[C[C[C[C[C[C[C[C[C[C[C[C[C[C[C[C[C[C[C[K 
Run options: --seed 27230

# Running tests:

.DEPRECATION WARNING: Calling #find(:all) is deprecated. Please call #all directly instead. You have also used finder options. These are also deprecated. Please build a scope instead of using finder options. (called from packedComics at /home/dubiel/Ruby/Library/app/controllers/report_controller.rb:6)
DEPRECATION WARNING: Relation#all is deprecated. If you want to eager-load a relation, you can call #load (e.g. `Post.where(published: true).load`). If you want to get an array of records from a relation, you can call #to_a (e.g. `Post.where(published: true).to_a`). (called from packedComics at /home/dubiel/Ruby/Library/app/controllers/report_controller.rb:6)
E

Finished tests in 0.534834s, 3.7395 tests/s, 1.8697 assertions/s.

  1) Error:
ReportControllerTest#test_should_get_packedComics:
ActiveRecord::StatementInvalid: SQLite3::SQLException: no such column: true: SELECT "comics".* FROM "comics"  WHERE (packed = true)
    app/controllers/report_controller.rb:6:in `packedComics'
    test/controllers/report_controller_test.rb:10:in `block in <class:ReportControllerTest>'

2 tests, 1 assertions, 0 failures, 1 errors, 0 skips
]0;dubiel@milenium:~/Ruby/Library]7;file://milenium.falcon/home/dubiel/Ruby/Library[dubiel@milenium Library]$ rake test test/controllers/report_controller_test.rb  [A[C[C[C[C[C[C[C[C[C[C[C[C[C[C[C[C[C[C[C[C[C[C[C[C[C[C[C[C[C[C[C[C[C[C[C[C[C[C[C[C[C[C[C[C[C[C[C[C[C[C[C[C[C[C[C[C[C[C[C[C[C[C[C[C[C[C[C[C[C[C[C[C[C[C[C[C[C[C[C[K 

Run options: --seed 30286

# Running tests:

.DEPRECATION WARNING: Calling #find(:all) is deprecated. Please call #all directly instead. You have also used finder options. These are also deprecated. Please build a scope instead of using finder options. (called from packedComics at /home/dubiel/Ruby/Library/app/controllers/report_controller.rb:6)
DEPRECATION WARNING: Relation#all is deprecated. If you want to eager-load a relation, you can call #load (e.g. `Post.where(published: true).load`). If you want to get an array of records from a relation, you can call #to_a (e.g. `Post.where(published: true).to_a`). (called from packedComics at /home/dubiel/Ruby/Library/app/controllers/report_controller.rb:6)
.

Finished tests in 0.536615s, 3.7271 tests/s, 3.7271 assertions/s.

2 tests, 2 assertions, 0 failures, 0 errors, 0 skips
]0;dubiel@milenium:~/Ruby/Library]7;file://milenium.falcon/home/dubiel/Ruby/Library[dubiel@milenium Library]$ 
]0;dubiel@milenium:~/Ruby/Library]7;file://milenium.falcon/home/dubiel/Ruby/Library[dubiel@milenium Library]$ rake test test/controllers/report_controller_test.rb  [A[C[C[C[C[C[C[C[C[C[C[C[C[C[C[C[C[C[C[C[C[C[C[C[C[C[C[C[C[C[C[C[C[C[C[C[C[C[C[C[C[C[C[C[C[C[C[C[C[C[C[C[C[C[C[C[C[C[C[C[C[C[C[C[C[C[C[C[C[C[C[C[C[C[C[C[C[C[C[C[K 
Run options: --seed 1561

# Running tests:

EE

Finished tests in 0.290345s, 6.8884 tests/s, 0.0000 assertions/s.

  1) Error:
ReportControllerTest#test_should_get_index:
SyntaxError: /home/dubiel/Ruby/Library/app/controllers/report_controller.rb:6: syntax error, unexpected '=', expecting ')'
    @packed = Comic.find(:packed = true)
                                  ^
    

  2) Error:
ReportControllerTest#test_should_get_packedComics:
SyntaxError: /home/dubiel/Ruby/Library/app/controllers/report_controller.rb:6: syntax error, unexpected '=', expecting ')'
    @packed = Comic.find(:packed = true)
                                  ^
    

2 tests, 0 assertions, 0 failures, 2 errors, 0 skips
]0;dubiel@milenium:~/Ruby/Library]7;file://milenium.falcon/home/dubiel/Ruby/Library[dubiel@milenium Library]$ rake test test/controllers/report_controller_test.rb  [A[C[C[C[C[C[C[C[C[C[C[C[C[C[C[C[C[C[C[C[C[C[C[C[C[C[C[C[C[C[C[C[C[C[C[C[C[C[C[C[C[C[C[C[C[C[C[C[C[C[C[C[C[C[C[C[C[C[C[C[C[C[C[C[C[C[C[C[C[C[C[C[C[C[C[C[C[C[C[C[K 
^[[A^[[BRun options: --seed 45405

# Running tests:

.E

Finished tests in 0.451915s, 4.4256 tests/s, 2.2128 assertions/s.

  1) Error:
ReportControllerTest#test_should_get_packedComics:
ArgumentError: Unknown key: packed
    app/controllers/report_controller.rb:6:in `packedComics'
    test/controllers/report_controller_test.rb:10:in `block in <class:ReportControllerTest>'

2 tests, 1 assertions, 0 failures, 1 errors, 0 skips
]0;dubiel@milenium:~/Ruby/Library]7;file://milenium.falcon/home/dubiel/Ruby/Library[dubiel@milenium Library]$ rake test test/controllers/report_controller_test.rb  [A[C[C[C[C[C[C[C[C[C[C[C[C[C[C[C[C[C[C[C[C[C[C[C[C[C[C[C[K
[K[A[C[C[C[C[C[C[C[C[C[C[C[C[C[C[C[C[C[C[C[C[C[C[C[C[C[C[Crake test test/controllers/report_controller_test.rb  [A[C[C[C[C[C[C[C[C[C[C[C[C[C[C[C[C[C[C[C[C[C[C[C[C[C[C[C[C[C[C[C[C[C[C[C[C[C[C[C[C[C[C[C[C[C[C[C[C[C[C[C[C[C[C[C[C[C[C[C[C[C[C[C[C[C[C[C[C[C[C[C[C[C[C[C[C[C[C[C[K 
Run options: --seed 46377

# Running tests:

.E

Finished tests in 0.520790s, 3.8403 tests/s, 1.9202 assertions/s.

  1) Error:
ReportControllerTest#test_should_get_packedComics:
ArgumentError: Unknown key: packed
    app/controllers/report_controller.rb:6:in `packedComics'
    test/controllers/report_controller_test.rb:10:in `block in <class:ReportControllerTest>'

2 tests, 1 assertions, 0 failures, 1 errors, 0 skips
]0;dubiel@milenium:~/Ruby/Library]7;file://milenium.falcon/home/dubiel/Ruby/Library[dubiel@milenium Library]$ rake test test/controllers/report_controller_test.rb  [A[C[C[C[C[C[C[C[C[C[C[C[C[C[C[C[C[C[C[C[C[C[C[C[C[C[C[C[C[C[C[C[C[C[C[C[C[C[C[C[C[C[C[C[C[C[C[C[C[C[C[C[C[C[C[C[C[C[C[C[C[C[C[C[C[C[C[C[C[C[C[C[C[C[C[C[C[C[C[C[K 
Run options: --seed 29355

# Running tests:

.E

Finished tests in 0.507848s, 3.9382 tests/s, 1.9691 assertions/s.

  1) Error:
ReportControllerTest#test_should_get_packedComics:
NameError: undefined local variable or method `packed' for #<ReportController:0x000000047083a8>
    app/controllers/report_controller.rb:6:in `packedComics'
    test/controllers/report_controller_test.rb:10:in `block in <class:ReportControllerTest>'

2 tests, 1 assertions, 0 failures, 1 errors, 0 skips
]0;dubiel@milenium:~/Ruby/Library]7;file://milenium.falcon/home/dubiel/Ruby/Library[dubiel@milenium Library]$ rake test test/controllers/report_controller_test.rb  [A[C[C[C[C[C[C[C[C[C[C[C[C[C[C[C[C[C[C[C[C[C[C[C[C[C[C[C[C[C[C[C[C[C[C[C[C[C[C[C[C[C[C[C[C[C[C[C[C[C[C[C[C[C[C[C[C[C[C[C[C[C[C[C[C[C[C[C[C[C[C[C[C[C[C[C[C[C[C[C[K 
Run options: --seed 52695

# Running tests:

..

Finished tests in 0.578938s, 3.4546 tests/s, 3.4546 assertions/s.

2 tests, 2 assertions, 0 failures, 0 errors, 0 skips
]0;dubiel@milenium:~/Ruby/Library]7;file://milenium.falcon/home/dubiel/Ruby/Library[dubiel@milenium Library]$ rake test test/controllers/report_controller_test.rb  [A[C[C[C[C[C[C[C[C[C[C[C[C[C[C[C[C[C[C[C[C[C[C[C[C[C[C[C[C[C[C[C[C[C[C[C[C[C[C[C[C[C[C[C[C[C[C[C[C[C[C[C[C[C[C[C[C[C[C[C[C[C[C[C[C[C[C[C[C[C[C[C[C[C[C[C[C[C[C[C[K 
Run options: --seed 43040

# Running tests:

..

Finished tests in 0.604363s, 3.3093 tests/s, 3.3093 assertions/s.

2 tests, 2 assertions, 0 failures, 0 errors, 0 skips
]0;dubiel@milenium:~/Ruby/Library]7;file://milenium.falcon/home/dubiel/Ruby/Library[dubiel@milenium Library]$ rake test test/controllers/report_controller_test.rb  [A[C[C[C[C[C[C[C[C[C[C[C[C[C[C[C[C[C[C[C[C[C[C[C[C[C[C[C[C[C[C[C[C[C[C[C[C[C[C[C[C[C[C[C[C[C[C[C[C[C[C[C[C[C[C[C[C[C[C[C[C[C[C[C[C[C[C[C[C[C[C[C[C[C[C[C[C[C[C[C[K 
Run options: --seed 12425

# Running tests:

E.

Finished tests in 0.494565s, 4.0440 tests/s, 2.0220 assertions/s.

  1) Error:
ReportControllerTest#test_should_get_index:
ArgumentError: wrong number of arguments (1 for 0)
    app/controllers/report_controller.rb:6:in `packedComics'
    app/controllers/report_controller.rb:3:in `index'
    test/controllers/report_controller_test.rb:5:in `block in <class:ReportControllerTest>'

2 tests, 1 assertions, 0 failures, 1 errors, 0 skips
]0;dubiel@milenium:~/Ruby/Library]7;file://milenium.falcon/home/dubiel/Ruby/Library[dubiel@milenium Library]$ rake test test/controllers/report_controller_test.rb  [A[C[C[C[C[C[C[C[C[C[C[C[C[C[C[C[C[C[C[C[C[C[C[C[C[C[C[C[C[C[C[C[C[C[C[C[C[C[C[C[C[C[C[C[C[C[C[C[C[C[C[C[C[C[C[C[C[C[C[C[C[C[C[C[C[C[C[C[C[C[C[C[C[C[C[C[C[C[C[C[K 
Run options: --seed 8014

# Running tests:

.E

Finished tests in 0.533112s, 3.7516 tests/s, 1.8758 assertions/s.

  1) Error:
ReportControllerTest#test_should_get_packedComics:
ArgumentError: wrong number of arguments (0 for 1)
    app/controllers/report_controller.rb:6:in `packedComics'
    test/controllers/report_controller_test.rb:10:in `block in <class:ReportControllerTest>'

2 tests, 1 assertions, 0 failures, 1 errors, 0 skips
]0;dubiel@milenium:~/Ruby/Library]7;file://milenium.falcon/home/dubiel/Ruby/Library[dubiel@milenium Library]$ rake test test/controllers/report_controller_test.rb  [A[C[C[C[C[C[C[C[C[C[C[C[C[C[C[C[C[C[C[C[C[C[C[C[C[C[C[C[C[C[C[C[C[C[C[C[C[C[C[C[C[C[C[C[C[C[C[C[C[C[C[C[C[C[C[C[C[C[C[C[C[C[C[C[C[C[C[C[C[C[C[C[C[C[C[C[C[C[C[C[K 
Run options: --seed 50082

# Running tests:

.E

Finished tests in 0.521814s, 3.8328 tests/s, 1.9164 assertions/s.

  1) Error:
ReportControllerTest#test_should_get_packedComics:
ArgumentError: wrong number of arguments (0 for 1)
    app/controllers/report_controller.rb:6:in `packedComics'
    test/controllers/report_controller_test.rb:10:in `block in <class:ReportControllerTest>'

2 tests, 1 assertions, 0 failures, 1 errors, 0 skips
]0;dubiel@milenium:~/Ruby/Library]7;file://milenium.falcon/home/dubiel/Ruby/Library[dubiel@milenium Library]$ rake test test/controllers/report_controller_test.rb  [A[C[C[C[C[C[C[C[C[C[C[C[C[C[C[C[C[C[C[C[C[C[C[C[C[C[C[C[C[C[C[C[C[C[C[C[C[C[C[C[C[C[C[C[C[C[C[C[C[C[C[C[C[C[C[C[C[C[C[C[C[C[C[C[C[C[C[C[C[C[C[C[C[C[C[C[C[C[C[C[K 
Run options: --seed 16174

# Running tests:

.E

Finished tests in 0.486656s, 4.1097 tests/s, 2.0548 assertions/s.

  1) Error:
ReportControllerTest#test_should_get_packedComics:
ArgumentError: wrong number of arguments (0 for 1)
    app/controllers/report_controller.rb:6:in `packedComics'
    test/controllers/report_controller_test.rb:10:in `block in <class:ReportControllerTest>'

2 tests, 1 assertions, 0 failures, 1 errors, 0 skips
]0;dubiel@milenium:~/Ruby/Library]7;file://milenium.falcon/home/dubiel/Ruby/Library[dubiel@milenium Library]$ rake test test/controllers/report_controller_test.rb  [A[C[C[C[C[C[C[C[C[C[C[C[C[C[C[C[C[C[C[C[C[C[C[C[C[C[C[C[C[C[C[C[C[C[C[C[C[C[C[C[C[C[C[C[C[C[C[C[C[C[C[C[C[C[C[C[C[C[C[C[C[C[C[C[C[C[C[C[C[C[C[C[C[C[C[C[C[C[C[C[K 
Run options: --seed 57800

# Running tests:

.E

Finished tests in 0.480502s, 4.1623 tests/s, 2.0812 assertions/s.

  1) Error:
ReportControllerTest#test_should_get_packedComics:
ArgumentError: wrong number of arguments (0 for 1)
    app/controllers/report_controller.rb:6:in `packedComics'
    test/controllers/report_controller_test.rb:10:in `block in <class:ReportControllerTest>'

2 tests, 1 assertions, 0 failures, 1 errors, 0 skips
]0;dubiel@milenium:~/Ruby/Library]7;file://milenium.falcon/home/dubiel/Ruby/Library[dubiel@milenium Library]$ rake test test/controllers/report_controller_test.rb  [A[C[C[C[C[C[C[C[C[C[C[C[C[C[C[C[C[C[C[C[C[C[C[C[C[C[C[C[C[C[C[C[C[C[C[C[C[C[C[C[C[C[C[C[C[C[C[C[C[C[C[C[C[C[C[C[C[C[C[C[C[C[C[C[C[C[C[C[C[C[C[C[C[C[C[C[C[C[C[C[K 
Run options: --seed 36285

# Running tests:

.E

Finished tests in 0.568570s, 3.5176 tests/s, 1.7588 assertions/s.

  1) Error:
ReportControllerTest#test_should_get_packedComics:
ArgumentError: wrong number of arguments (0 for 1)
    app/controllers/report_controller.rb:6:in `packedComics'
    test/controllers/report_controller_test.rb:10:in `block in <class:ReportControllerTest>'

2 tests, 1 assertions, 0 failures, 1 errors, 0 skips
]0;dubiel@milenium:~/Ruby/Library]7;file://milenium.falcon/home/dubiel/Ruby/Library[dubiel@milenium Library]$ rake test test/controllers/report_controller_test.rb  [A[C[C[C[C[C[C[C[C[C[C[C[C[C[C[C[C[C[C[C[C[C[C[C[C[C[C[C[C[C[C[C[C[C[C[C[C[C[C[C[C[C[C[C[C[C[C[C[C[C[C[C[C[C[C[C[C[C[C[C[C[C[C[C[C[C[C[C[C[C[C[C[C[C[C[C[C[C[C[C[K 
Run options: --seed 60237

# Running tests:

.E

Finished tests in 0.536969s, 3.7246 tests/s, 1.8623 assertions/s.

  1) Error:
ReportControllerTest#test_should_get_packedComics:
ArgumentError: wrong number of arguments (0 for 1)
    app/controllers/report_controller.rb:6:in `packedComics'
    test/controllers/report_controller_test.rb:10:in `block in <class:ReportControllerTest>'

2 tests, 1 assertions, 0 failures, 1 errors, 0 skips
]0;dubiel@milenium:~/Ruby/Library]7;file://milenium.falcon/home/dubiel/Ruby/Library[dubiel@milenium Library]$ rake test test/controllers/report_controller_test.rb  [A[C[C[C[C[C[C[C[C[C[C[C[C[C[C[C[C[C[C[C[C[C[C[C[C[C[C[C[C[C[C[C[C[C[C[C[C[C[C[C[C[C[C[C[C[C[C[C[C[C[C[C[C[C[C[C[C[C[C[C[C[C[C[C[C[C[C[C[C[C[C[C[C[C[C[C[C[C[C[C[K 
Run options: --seed 46545

# Running tests:

.E

Finished tests in 0.514501s, 3.8873 tests/s, 1.9436 assertions/s.

  1) Error:
ReportControllerTest#test_should_get_packedComics:
ArgumentError: wrong number of arguments (0 for 1)
    app/controllers/report_controller.rb:6:in `packedComics'
    test/controllers/report_controller_test.rb:10:in `block in <class:ReportControllerTest>'

2 tests, 1 assertions, 0 failures, 1 errors, 0 skips
]0;dubiel@milenium:~/Ruby/Library]7;file://milenium.falcon/home/dubiel/Ruby/Library[dubiel@milenium Library]$ rake test test/controllers/report_controller_test.rb  [A[C[C[C[C[C[C[C[C[C[C[C[C[C[C[C[C[C[C[C[C[C[C[C[C[C[C[C[C[C[C[C[C[C[C[C[C[C[C[C[C[C[C[C[C[C[C[C[C[C[C[C[C[C[C[C[C[C[C[C[C[C[C[C[C[C[C[C[C[C[C[C[C[C[C[C[C[C[C[C[K 
Run options: --seed 13274

# Running tests:

.E

Finished tests in 0.525500s, 3.8059 tests/s, 1.9030 assertions/s.

  1) Error:
ReportControllerTest#test_should_get_packedComics:
ArgumentError: wrong number of arguments (0 for 1)
    app/controllers/report_controller.rb:6:in `packedComics'
    test/controllers/report_controller_test.rb:10:in `block in <class:ReportControllerTest>'

2 tests, 1 assertions, 0 failures, 1 errors, 0 skips
]0;dubiel@milenium:~/Ruby/Library]7;file://milenium.falcon/home/dubiel/Ruby/Library[dubiel@milenium Library]$ rake test test/controllers/report_controller_test.rb  [A[C[C[C[C[C[C[C[C[C[C[C[C[C[C[C[C[C[C[C[C[C[C[C[C[C[C[C[C[C[C[C[C[C[C[C[C[C[C[C[C[C[C[C[C[C[C[C[C[C[C[C[C[C[C[C[C[C[C[C[C[C[C[C[C[C[C[C[C[C[C[C[C[C[C[C[C[C[C[C[K 
Run options: --seed 12399

# Running tests:

.E

Finished tests in 0.484818s, 4.1253 tests/s, 2.0626 assertions/s.

  1) Error:
ReportControllerTest#test_should_get_packedComics:
ArgumentError: wrong number of arguments (0 for 1)
    app/controllers/report_controller.rb:6:in `packedComics'
    test/controllers/report_controller_test.rb:10:in `block in <class:ReportControllerTest>'

2 tests, 1 assertions, 0 failures, 1 errors, 0 skips
]0;dubiel@milenium:~/Ruby/Library]7;file://milenium.falcon/home/dubiel/Ruby/Library[dubiel@milenium Library]$ rake test test/controllers/report_controller_test.rb  [A[C[C[C[C[C[C[C[C[C[C[C[C[C[C[C[C[C[C[C[C[C[C[C[C[C[C[C[C[C[C[C[C[C[C[C[C[C[C[C[C[C[C[C[C[C[C[C[